{
  "RSpec": {
    "coverage": {
      "/home/fuksi/ratebeer/app/models/rating.rb": [
        1,
        1,
        null,
        null,
        null,
        1,
        1,
        null,
        1,
        28,
        null,
        null
      ],
      "/home/fuksi/ratebeer/app/helpers/application_helper.rb": [
        1,
        null
      ],
      "/home/fuksi/ratebeer/app/helpers/beer_clubs_helper.rb": [
        1,
        null
      ],
      "/home/fuksi/ratebeer/app/helpers/beers_helper.rb": [
        1,
        null
      ],
      "/home/fuksi/ratebeer/app/helpers/breweries_helper.rb": [
        1,
        null
      ],
      "/home/fuksi/ratebeer/app/helpers/memberships_helper.rb": [
        1,
        null
      ],
      "/home/fuksi/ratebeer/app/helpers/styles_helper.rb": [
        1,
        null
      ],
      "/home/fuksi/ratebeer/app/helpers/users_helper.rb": [
        1,
        null
      ],
      "/home/fuksi/ratebeer/app/models/beer.rb": [
        1,
        1,
        null,
        1,
        1,
        null,
        1,
        1,
        1,
        1,
        null,
        1,
        2,
        null,
        null
      ],
      "/home/fuksi/ratebeer/app/models/concerns/rating_average.rb": [
        1,
        1,
        null,
        1,
        5,
        null,
        null
      ],
      "/home/fuksi/ratebeer/app/models/brewery.rb": [
        1,
        1,
        null,
        1,
        29,
        null,
        1,
        1,
        null,
        null
      ],
      "/home/fuksi/ratebeer/app/models/user.rb": [
        1,
        1,
        null,
        1,
        null,
        null,
        1,
        null,
        null,
        null,
        null,
        null,
        1,
        1,
        1,
        1,
        null,
        1,
        null,
        1,
        3,
        2,
        null,
        null,
        1,
        9,
        null,
        44,
        25,
        null,
        null,
        1,
        9,
        null,
        44,
        20,
        null,
        null,
        1,
        null,
        1,
        113,
        17,
        null,
        null,
        1,
        84,
        12,
        null,
        null
      ],
      "/home/fuksi/ratebeer/app/models/style.rb": [
        1,
        1,
        null
      ],
      "/home/fuksi/ratebeer/app/controllers/sessions_controller.rb": [
        1,
        1,
        null,
        null,
        1,
        8,
        8,
        7,
        7,
        null,
        1,
        null,
        null,
        null,
        1,
        0,
        0,
        null,
        null
      ],
      "/home/fuksi/ratebeer/app/controllers/application_controller.rb": [
        1,
        null,
        null,
        1,
        null,
        1,
        null,
        1,
        128,
        79,
        null,
        null,
        1,
        4,
        null,
        null
      ],
      "/home/fuksi/ratebeer/app/controllers/users_controller.rb": [
        1,
        1,
        null,
        null,
        null,
        1,
        0,
        null,
        null,
        null,
        null,
        1,
        null,
        null,
        null,
        1,
        1,
        null,
        null,
        null,
        1,
        null,
        null,
        null,
        null,
        1,
        1,
        null,
        1,
        1,
        2,
        1,
        null,
        0,
        0,
        null,
        null,
        null,
        null,
        null,
        null,
        1,
        0,
        0,
        0,
        0,
        null,
        0,
        0,
        null,
        null,
        null,
        null,
        null,
        null,
        1,
        0,
        0,
        null,
        null,
        0,
        0,
        0,
        null,
        null,
        null,
        1,
        null,
        1,
        14,
        null,
        null,
        null,
        1,
        1,
        null,
        null
      ],
      "/home/fuksi/ratebeer/app/models/membership.rb": [
        1,
        1,
        1,
        null
      ],
      "/home/fuksi/ratebeer/app/models/beer_club.rb": [
        1,
        1,
        1,
        null
      ],
      "/home/fuksi/ratebeer/app/controllers/beers_controller.rb": [
        1,
        1,
        1,
        null,
        null,
        null,
        1,
        1,
        null,
        null,
        null,
        null,
        1,
        0,
        0,
        null,
        null,
        null,
        1,
        2,
        2,
        2,
        null,
        null,
        null,
        1,
        0,
        0,
        null,
        null,
        null,
        null,
        1,
        2,
        null,
        2,
        2,
        2,
        1,
        null,
        1,
        1,
        2,
        1,
        null,
        null,
        null,
        null,
        null,
        null,
        1,
        0,
        0,
        0,
        0,
        null,
        0,
        0,
        null,
        null,
        null,
        null,
        null,
        null,
        1,
        0,
        0,
        0,
        0,
        null,
        null,
        null,
        1,
        null,
        1,
        0,
        null,
        null,
        null,
        1,
        2,
        null,
        null
      ],
      "/home/fuksi/ratebeer/app/controllers/breweries_controller.rb": [
        1,
        1,
        1,
        null,
        null,
        null,
        1,
        3,
        null,
        null,
        null,
        null,
        1,
        null,
        null,
        null,
        1,
        0,
        null,
        null,
        null,
        1,
        null,
        null,
        null,
        null,
        1,
        0,
        null,
        0,
        0,
        0,
        0,
        null,
        0,
        0,
        null,
        null,
        null,
        null,
        null,
        null,
        1,
        0,
        0,
        0,
        0,
        null,
        0,
        0,
        null,
        null,
        null,
        null,
        null,
        null,
        1,
        0,
        0,
        0,
        0,
        null,
        null,
        null,
        1,
        null,
        1,
        1,
        null,
        null,
        null,
        1,
        0,
        null,
        null
      ],
      "/home/fuksi/ratebeer/lib/beermapping_api.rb": [
        1,
        1,
        5,
        9,
        null,
        null,
        1,
        0,
        0,
        null,
        null,
        1,
        null,
        1,
        null,
        4,
        null,
        4,
        4,
        null,
        4,
        null,
        3,
        8,
        null,
        null,
        1,
        0,
        0,
        null,
        null
      ],
      "/home/fuksi/ratebeer/app/models/place.rb": [
        1,
        1,
        null,
        1,
        null,
        1,
        6,
        null,
        null,
        1,
        0,
        0,
        null,
        null
      ],
      "/home/fuksi/ratebeer/app/controllers/places_controller.rb": [
        1,
        1,
        null,
        null,
        1,
        0,
        null,
        null,
        1,
        3,
        3,
        1,
        null,
        2,
        2,
        null,
        null,
        null
      ],
      "/home/fuksi/ratebeer/app/controllers/ratings_controller.rb": [
        1,
        1,
        1,
        null,
        null,
        1,
        1,
        1,
        null,
        null,
        1,
        1,
        null,
        1,
        1,
        1,
        null,
        0,
        0,
        null,
        null,
        null,
        1,
        1,
        1,
        1,
        null,
        null
      ],
      "/home/fuksi/ratebeer/app/controllers/memberships_controller.rb": [
        0,
        0,
        0,
        0,
        0,
        0,
        0,
        0,
        0,
        0,
        0,
        0,
        0,
        0,
        0,
        0,
        0,
        0,
        0,
        0,
        0,
        0,
        0,
        0,
        0,
        0,
        0,
        0,
        0,
        0,
        0,
        0,
        0,
        0,
        0,
        0,
        0,
        0,
        0,
        0,
        0,
        0,
        0,
        0,
        0,
        0,
        0,
        0,
        0,
        0,
        0,
        0,
        0,
        0,
        0,
        0,
        0,
        0,
        0,
        0,
        0,
        0,
        0,
        0,
        0,
        0,
        0,
        0,
        0,
        0,
        0,
        0,
        0,
        0
      ],
      "/home/fuksi/ratebeer/app/controllers/styles_controller.rb": [
        0,
        0,
        0,
        0,
        0,
        0,
        0,
        0,
        0,
        0,
        0,
        0,
        0,
        0,
        0,
        0,
        0,
        0,
        0,
        0,
        0,
        0,
        0,
        0,
        0,
        0,
        0,
        0,
        0,
        0,
        0,
        0,
        0,
        0,
        0,
        0,
        0,
        0,
        0,
        0,
        0,
        0,
        0,
        0,
        0,
        0,
        0,
        0,
        0,
        0,
        0,
        0,
        0,
        0,
        0,
        0,
        0,
        0,
        0,
        0,
        0,
        0,
        0,
        0,
        0,
        0,
        0,
        0,
        0,
        0,
        0,
        0,
        0,
        0
      ],
      "/home/fuksi/ratebeer/app/controllers/beer_clubs_controller.rb": [
        0,
        0,
        0,
        0,
        0,
        0,
        0,
        0,
        0,
        0,
        0,
        0,
        0,
        0,
        0,
        0,
        0,
        0,
        0,
        0,
        0,
        0,
        0,
        0,
        0,
        0,
        0,
        0,
        0,
        0,
        0,
        0,
        0,
        0,
        0,
        0,
        0,
        0,
        0,
        0,
        0,
        0,
        0,
        0,
        0,
        0,
        0,
        0,
        0,
        0,
        0,
        0,
        0,
        0,
        0,
        0,
        0,
        0,
        0,
        0,
        0,
        0,
        0,
        0,
        0,
        0,
        0,
        0,
        0,
        0,
        0,
        0,
        0,
        0,
        0,
        0,
        0,
        0,
        0,
        0,
        0
      ]
    },
    "timestamp": 1456665328
  }
}
